#
# There is insufficient memory for the Java Runtime Environment to continue.
# Native memory allocation (malloc) failed to allocate 114416 bytes. Error detail: Chunk::new
# Possible reasons:
#   The system is out of physical RAM or swap space
#   This process is running with CompressedOops enabled, and the Java Heap may be blocking the growth of the native heap
# Possible solutions:
#   Reduce memory load on the system
#   Increase physical memory or swap space
#   Check if swap backing store is full
#   Decrease Java heap size (-Xmx/-Xms)
#   Decrease number of Java threads
#   Decrease Java thread stack sizes (-Xss)
#   Set larger code cache with -XX:ReservedCodeCacheSize=
#   JVM is running with Unscaled Compressed Oops mode in which the Java heap is
#     placed in the first 4GB address space. The Java Heap base address is the
#     maximum limit for the native heap growth. Please use -XX:HeapBaseMinAddress
#     to set the Java Heap base and to place the Java Heap above 4GB virtual address.
# This output file may be truncated or incomplete.
#
#  Out of Memory Error (arena.cpp:191), pid=10692, tid=2912
#
# JRE version: OpenJDK Runtime Environment Corretto-17.0.11.9.1 (17.0.11+9) (build 17.0.11+9-LTS)
# Java VM: OpenJDK 64-Bit Server VM Corretto-17.0.11.9.1 (17.0.11+9-LTS, mixed mode, sharing, tiered, compressed oops, compressed class ptrs, g1 gc, windows-amd64)
# No core dump will be written. Minidumps are not enabled by default on client versions of Windows
#

---------------  S U M M A R Y ------------

Command Line: -javaagent:D:\IntelliJ IDEA 2022.1.2\lib\idea_rt.jar=22789:D:\IntelliJ IDEA 2022.1.2\bin -Dfile.encoding=UTF-8 com.example.sutmetiz.HelloApplication

Host: AMD Ryzen 5 5500U with Radeon Graphics         , 12 cores, 7G,  Windows 11 , 64 bit Build 22621 (10.0.22621.3672)
Time: Fri Jul 12 16:22:35 2024 RTZ 2 (s 11 , 64 bit Build 22621 (10.0.22621.3672) elapsed time: 0.162258 seconds (0d 0h 0m 0s)

---------------  T H R E A D  ---------------

Current thread (0x00000197b08421a0):  JavaThread "C2 CompilerThread1" daemon [_thread_in_native, id=2912, stack(0x0000003d7a600000,0x0000003d7a700000)]


Current CompileTask:
C2:    162  217       4       java.util.HashMap::putVal (300 bytes)

Stack: [0x0000003d7a600000,0x0000003d7a700000]
Native frames: (J=compiled Java code, j=interpreted, Vv=VM code, C=native code)
V  [jvm.dll+0x67d009]
V  [jvm.dll+0x83489a]
V  [jvm.dll+0x83635e]
V  [jvm.dll+0x8369c3]
V  [jvm.dll+0x2479df]
V  [jvm.dll+0xac534]
V  [jvm.dll+0xacb7c]
V  [jvm.dll+0x2aeecf]
V  [jvm.dll+0x5844d7]
V  [jvm.dll+0x2229d2]
V  [jvm.dll+0x21b8cd]
V  [jvm.dll+0x2193f1]
V  [jvm.dll+0x1a524d]
V  [jvm.dll+0x22920d]
V  [jvm.dll+0x2273dc]
V  [jvm.dll+0x7e9a07]
V  [jvm.dll+0x7e3e0a]
V  [jvm.dll+0x67bef5]
C  [ucrtbase.dll+0x29333]
C  [KERNEL32.DLL+0x1257d]
C  [ntdll.dll+0x5af28]


---------------  P R O C E S S  ---------------

Threads class SMR info:
_java_thread_list=0x00000197b0719190, length=13, elements={
0x000001979026da00, 0x00000197b04989d0, 0x00000197b0499650, 0x00000197b04af050,
0x00000197b04afa10, 0x00000197b04b03d0, 0x00000197b04b4da0, 0x00000197b04c3060,
0x00000197b04c3b10, 0x00000197b04d6ce0, 0x00000197b06ccdb0, 0x00000197b08421a0,
0x00000197b074d230
}

Java Threads: ( => current thread )
  0x000001979026da00 JavaThread "main" [_thread_in_vm, id=28880, stack(0x0000003d79500000,0x0000003d79600000)]
  0x00000197b04989d0 JavaThread "Reference Handler" daemon [_thread_blocked, id=26300, stack(0x0000003d79c00000,0x0000003d79d00000)]
  0x00000197b0499650 JavaThread "Finalizer" daemon [_thread_blocked, id=18796, stack(0x0000003d79d00000,0x0000003d79e00000)]
  0x00000197b04af050 JavaThread "Signal Dispatcher" daemon [_thread_blocked, id=26208, stack(0x0000003d79e00000,0x0000003d79f00000)]
  0x00000197b04afa10 JavaThread "Attach Listener" daemon [_thread_blocked, id=28792, stack(0x0000003d79f00000,0x0000003d7a000000)]
  0x00000197b04b03d0 JavaThread "Service Thread" daemon [_thread_blocked, id=4532, stack(0x0000003d7a000000,0x0000003d7a100000)]
  0x00000197b04b4da0 JavaThread "Monitor Deflation Thread" daemon [_thread_blocked, id=18048, stack(0x0000003d7a100000,0x0000003d7a200000)]
  0x00000197b04c3060 JavaThread "C2 CompilerThread0" daemon [_thread_blocked, id=3816, stack(0x0000003d7a200000,0x0000003d7a300000)]
  0x00000197b04c3b10 JavaThread "C1 CompilerThread0" daemon [_thread_in_vm, id=24272, stack(0x0000003d7a300000,0x0000003d7a400000)]
  0x00000197b04d6ce0 JavaThread "Sweeper thread" daemon [_thread_blocked, id=12912, stack(0x0000003d7a400000,0x0000003d7a500000)]
  0x00000197b06ccdb0 JavaThread "Common-Cleaner" daemon [_thread_blocked, id=28832, stack(0x0000003d7a500000,0x0000003d7a600000)]
=>0x00000197b08421a0 JavaThread "C2 CompilerThread1" daemon [_thread_in_native, id=2912, stack(0x0000003d7a600000,0x0000003d7a700000)]
  0x00000197b074d230 JavaThread "C2 CompilerThread2" daemon [_thread_blocked, id=396, stack(0x0000003d7a700000,0x0000003d7a800000)]

Other Threads:
  0x00000197b0490aa0 VMThread "VM Thread" [stack: 0x0000003d79b00000,0x0000003d79c00000] [id=31760]
  0x00000197902c4a20 GCTaskThread "GC Thread#0" [stack: 0x0000003d79600000,0x0000003d79700000] [id=4112]
  0x00000197902d4470 ConcurrentGCThread "G1 Main Marker" [stack: 0x0000003d79700000,0x0000003d79800000] [id=10124]
  0x00000197902d5ea0 ConcurrentGCThread "G1 Conc#0" [stack: 0x0000003d79800000,0x0000003d79900000] [id=1928]
  0x00000197b034c110 ConcurrentGCThread "G1 Refine#0" [stack: 0x0000003d79900000,0x0000003d79a00000] [id=31416]
  0x00000197b034cb40 ConcurrentGCThread "G1 Service" [stack: 0x0000003d79a00000,0x0000003d79b00000] [id=21952]

Threads with active compile tasks:
C1 CompilerThread0      192  224       3       java.lang.ref.Reference::<init> (25 bytes)
C2 CompilerThread1      192  217       4       java.util.HashMap::putVal (300 bytes)

VM state: not at safepoint (normal execution)

VM Mutex/Monitor currently owned by a thread:  ([mutex/lock_event])
[0x00000197902676e0] Metaspace_lock - owner thread: 0x00000197b04c3b10
[0x0000019790268a80] MethodData_lock - owner thread: 0x00000197b04c3b10

Heap address: 0x000000008a800000, size: 1880 MB, Compressed Oops mode: 32-bit

CDS archive(s) mapped at: [0x00000197b1000000-0x00000197b1bb0000-0x00000197b1bb0000), size 12255232, SharedBaseAddress: 0x00000197b1000000, ArchiveRelocationMode: 1.
Compressed class space mapped at: 0x00000197b2000000-0x00000197f2000000, reserved size: 1073741824
Narrow klass base: 0x00000197b1000000, Narrow klass shift: 0, Narrow klass range: 0x100000000

GC Precious Log:
 CPUs: 12 total, 12 available
 Memory: 7514M
 Large Page Support: Disabled
 NUMA Support: Disabled
 Compressed Oops: Enabled (32-bit)
 Heap Region Size: 1M
 Heap Min Capacity: 8M
 Heap Initial Capacity: 118M
 Heap Max Capacity: 1880M
 Pre-touch: Disabled
 Parallel Workers: 10
 Concurrent Workers: 3
 Concurrent Refinement Workers: 10
 Periodic GC: Disabled

Heap:
 garbage-first heap   total 120832K, used 2048K [0x000000008a800000, 0x0000000100000000)
  region size 1024K, 4 young (4096K), 0 survivors (0K)
 Metaspace       used 403K, committed 576K, reserved 1114112K
  class space    used 19K, committed 128K, reserved 1048576K

Heap Regions: E=young(eden), S=young(survivor), O=old, HS=humongous(starts), HC=humongous(continues), CS=collection set, F=free, OA=open archive, CA=closed archive, TAMS=top-at-mark-start (previous, next)
|   0|0x000000008a800000, 0x000000008a800000, 0x000000008a900000|  0%| F|  |TAMS 0x000000008a800000, 0x000000008a800000| Untracked 
|   1|0x000000008a900000, 0x000000008a900000, 0x000000008aa00000|  0%| F|  |TAMS 0x000000008a900000, 0x000000008a900000| Untracked 
|   2|0x000000008aa00000, 0x000000008aa00000, 0x000000008ab00000|  0%| F|  |TAMS 0x000000008aa00000, 0x000000008aa00000| Untracked 
|   3|0x000000008ab00000, 0x000000008ab00000, 0x000000008ac00000|  0%| F|  |TAMS 0x000000008ab00000, 0x000000008ab00000| Untracked 
|   4|0x000000008ac00000, 0x000000008ac00000, 0x000000008ad00000|  0%| F|  |TAMS 0x000000008ac00000, 0x000000008ac00000| Untracked 
|   5|0x000000008ad00000, 0x000000008ad00000, 0x000000008ae00000|  0%| F|  |TAMS 0x000000008ad00000, 0x000000008ad00000| Untracked 
|   6|0x000000008ae00000, 0x000000008ae00000, 0x000000008af00000|  0%| F|  |TAMS 0x000000008ae00000, 0x000000008ae00000| Untracked 
|   7|0x000000008af00000, 0x000000008af00000, 0x000000008b000000|  0%| F|  |TAMS 0x000000008af00000, 0x000000008af00000| Untracked 
|   8|0x000000008b000000, 0x000000008b000000, 0x000000008b100000|  0%| F|  |TAMS 0x000000008b000000, 0x000000008b000000| Untracked 
|   9|0x000000008b100000, 0x000000008b100000, 0x000000008b200000|  0%| F|  |TAMS 0x000000008b100000, 0x000000008b100000| Untracked 
|  10|0x000000008b200000, 0x000000008b200000, 0x000000008b300000|  0%| F|  |TAMS 0x000000008b200000, 0x000000008b200000| Untracked 
|  11|0x000000008b300000, 0x000000008b300000, 0x000000008b400000|  0%| F|  |TAMS 0x000000008b300000, 0x000000008b300000| Untracked 
|  12|0x000000008b400000, 0x000000008b400000, 0x000000008b500000|  0%| F|  |TAMS 0x000000008b400000, 0x000000008b400000| Untracked 
|  13|0x000000008b500000, 0x000000008b500000, 0x000000008b600000|  0%| F|  |TAMS 0x000000008b500000, 0x000000008b500000| Untracked 
|  14|0x000000008b600000, 0x000000008b600000, 0x000000008b700000|  0%| F|  |TAMS 0x000000008b600000, 0x000000008b600000| Untracked 
|  15|0x000000008b700000, 0x000000008b700000, 0x000000008b800000|  0%| F|  |TAMS 0x000000008b700000, 0x000000008b700000| Untracked 
|  16|0x000000008b800000, 0x000000008b800000, 0x000000008b900000|  0%| F|  |TAMS 0x000000008b800000, 0x000000008b800000| Untracked 
|  17|0x000000008b900000, 0x000000008b900000, 0x000000008ba00000|  0%| F|  |TAMS 0x000000008b900000, 0x000000008b900000| Untracked 
|  18|0x000000008ba00000, 0x000000008ba00000, 0x000000008bb00000|  0%| F|  |TAMS 0x000000008ba00000, 0x000000008ba00000| Untracked 
|  19|0x000000008bb00000, 0x000000008bb00000, 0x000000008bc00000|  0%| F|  |TAMS 0x000000008bb00000, 0x000000008bb00000| Untracked 
|  20|0x000000008bc00000, 0x000000008bc00000, 0x000000008bd00000|  0%| F|  |TAMS 0x000000008bc00000, 0x000000008bc00000| Untracked 
|  21|0x000000008bd00000, 0x000000008bd00000, 0x000000008be00000|  0%| F|  |TAMS 0x000000008bd00000, 0x000000008bd00000| Untracked 
|  22|0x000000008be00000, 0x000000008be00000, 0x000000008bf00000|  0%| F|  |TAMS 0x000000008be00000, 0x000000008be00000| Untracked 
|  23|0x000000008bf00000, 0x000000008bf00000, 0x000000008c000000|  0%| F|  |TAMS 0x000000008bf00000, 0x000000008bf00000| Untracked 
|  24|0x000000008c000000, 0x000000008c000000, 0x000000008c100000|  0%| F|  |TAMS 0x000000008c000000, 0x000000008c000000| Untracked 
|  25|0x000000008c100000, 0x000000008c100000, 0x000000008c200000|  0%| F|  |TAMS 0x000000008c100000, 0x000000008c100000| Untracked 
|  26|0x000000008c200000, 0x000000008c200000, 0x000000008c300000|  0%| F|  |TAMS 0x000000008c200000, 0x000000008c200000| Untracked 
|  27|0x000000008c300000, 0x000000008c300000, 0x000000008c400000|  0%| F|  |TAMS 0x000000008c300000, 0x000000008c300000| Untracked 
|  28|0x000000008c400000, 0x000000008c400000, 0x000000008c500000|  0%| F|  |TAMS 0x000000008c400000, 0x000000008c400000| Untracked 
|  29|0x000000008c500000, 0x000000008c500000, 0x000000008c600000|  0%| F|  |TAMS 0x000000008c500000, 0x000000008c500000| Untracked 
|  30|0x000000008c600000, 0x000000008c600000, 0x000000008c700000|  0%| F|  |TAMS 0x000000008c600000, 0x000000008c600000| Untracked 
|  31|0x000000008c700000, 0x000000008c700000, 0x000000008c800000|  0%| F|  |TAMS 0x000000008c700000, 0x000000008c700000| Untracked 
|  32|0x000000008c800000, 0x000000008c800000, 0x000000008c900000|  0%| F|  |TAMS 0x000000008c800000, 0x000000008c800000| Untracked 
|  33|0x000000008c900000, 0x000000008c900000, 0x000000008ca00000|  0%| F|  |TAMS 0x000000008c900000, 0x000000008c900000| Untracked 
|  34|0x000000008ca00000, 0x000000008ca00000, 0x000000008cb00000|  0%| F|  |TAMS 0x000000008ca00000, 0x000000008ca00000| Untracked 
|  35|0x000000008cb00000, 0x000000008cb00000, 0x000000008cc00000|  0%| F|  |TAMS 0x000000008cb00000, 0x000000008cb00000| Untracked 
|  36|0x000000008cc00000, 0x000000008cc00000, 0x000000008cd00000|  0%| F|  |TAMS 0x000000008cc00000, 0x000000008cc00000| Untracked 
|  37|0x000000008cd00000, 0x000000008cd00000, 0x000000008ce00000|  0%| F|  |TAMS 0x000000008cd00000, 0x000000008cd00000| Untracked 
|  38|0x000000008ce00000, 0x000000008ce00000, 0x000000008cf00000|  0%| F|  |TAMS 0x000000008ce00000, 0x000000008ce00000| Untracked 
|  39|0x000000008cf00000, 0x000000008cf00000, 0x000000008d000000|  0%| F|  |TAMS 0x000000008cf00000, 0x000000008cf00000| Untracked 
|  40|0x000000008d000000, 0x000000008d000000, 0x000000008d100000|  0%| F|  |TAMS 0x000000008d000000, 0x000000008d000000| Untracked 
|  41|0x000000008d100000, 0x000000008d100000, 0x000000008d200000|  0%| F|  |TAMS 0x000000008d100000, 0x000000008d100000| Untracked 
|  42|0x000000008d200000, 0x000000008d200000, 0x000000008d300000|  0%| F|  |TAMS 0x000000008d200000, 0x000000008d200000| Untracked 
|  43|0x000000008d300000, 0x000000008d300000, 0x000000008d400000|  0%| F|  |TAMS 0x000000008d300000, 0x000000008d300000| Untracked 
|  44|0x000000008d400000, 0x000000008d400000, 0x000000008d500000|  0%| F|  |TAMS 0x000000008d400000, 0x000000008d400000| Untracked 
|  45|0x000000008d500000, 0x000000008d500000, 0x000000008d600000|  0%| F|  |TAMS 0x000000008d500000, 0x000000008d500000| Untracked 
|  46|0x000000008d600000, 0x000000008d600000, 0x000000008d700000|  0%| F|  |TAMS 0x000000008d600000, 0x000000008d600000| Untracked 
|  47|0x000000008d700000, 0x000000008d700000, 0x000000008d800000|  0%| F|  |TAMS 0x000000008d700000, 0x000000008d700000| Untracked 
|  48|0x000000008d800000, 0x000000008d800000, 0x000000008d900000|  0%| F|  |TAMS 0x000000008d800000, 0x000000008d800000| Untracked 
|  49|0x000000008d900000, 0x000000008d900000, 0x000000008da00000|  0%| F|  |TAMS 0x000000008d900000, 0x000000008d900000| Untracked 
|  50|0x000000008da00000, 0x000000008da00000, 0x000000008db00000|  0%| F|  |TAMS 0x000000008da00000, 0x000000008da00000| Untracked 
|  51|0x000000008db00000, 0x000000008db00000, 0x000000008dc00000|  0%| F|  |TAMS 0x000000008db00000, 0x000000008db00000| Untracked 
|  52|0x000000008dc00000, 0x000000008dc00000, 0x000000008dd00000|  0%| F|  |TAMS 0x000000008dc00000, 0x000000008dc00000| Untracked 
|  53|0x000000008dd00000, 0x000000008dd00000, 0x000000008de00000|  0%| F|  |TAMS 0x000000008dd00000, 0x000000008dd00000| Untracked 
|  54|0x000000008de00000, 0x000000008de00000, 0x000000008df00000|  0%| F|  |TAMS 0x000000008de00000, 0x000000008de00000| Untracked 
|  55|0x000000008df00000, 0x000000008df00000, 0x000000008e000000|  0%| F|  |TAMS 0x000000008df00000, 0x000000008df00000| Untracked 
|  56|0x000000008e000000, 0x000000008e000000, 0x000000008e100000|  0%| F|  |TAMS 0x000000008e000000, 0x000000008e000000| Untracked 
|  57|0x000000008e100000, 0x000000008e100000, 0x000000008e200000|  0%| F|  |TAMS 0x000000008e100000, 0x000000008e100000| Untracked 
|  58|0x000000008e200000, 0x000000008e200000, 0x000000008e300000|  0%| F|  |TAMS 0x000000008e200000, 0x000000008e200000| Untracked 
|  59|0x000000008e300000, 0x000000008e300000, 0x000000008e400000|  0%| F|  |TAMS 0x000000008e300000, 0x000000008e300000| Untracked 
|  60|0x000000008e400000, 0x000000008e400000, 0x000000008e500000|  0%| F|  |TAMS 0x000000008e400000, 0x000000008e400000| Untracked 
|  61|0x000000008e500000, 0x000000008e500000, 0x000000008e600000|  0%| F|  |TAMS 0x000000008e500000, 0x000000008e500000| Untracked 
|  62|0x000000008e600000, 0x000000008e600000, 0x000000008e700000|  0%| F|  |TAMS 0x000000008e600000, 0x000000008e600000| Untracked 
|  63|0x000000008e700000, 0x000000008e700000, 0x000000008e800000|  0%| F|  |TAMS 0x000000008e700000, 0x000000008e700000| Untracked 
|  64|0x000000008e800000, 0x000000008e800000, 0x000000008e900000|  0%| F|  |TAMS 0x000000008e800000, 0x000000008e800000| Untracked 
|  65|0x000000008e900000, 0x000000008e900000, 0x000000008ea00000|  0%| F|  |TAMS 0x000000008e900000, 0x000000008e900000| Untracked 
|  66|0x000000008ea00000, 0x000000008ea00000, 0x000000008eb00000|  0%| F|  |TAMS 0x000000008ea00000, 0x000000008ea00000| Untracked 
|  67|0x000000008eb00000, 0x000000008eb00000, 0x000000008ec00000|  0%| F|  |TAMS 0x000000008eb00000, 0x000000008eb00000| Untracked 
|  68|0x000000008ec00000, 0x000000008ec00000, 0x000000008ed00000|  0%| F|  |TAMS 0x000000008ec00000, 0x000000008ec00000| Untracked 
|  69|0x000000008ed00000, 0x000000008ed00000, 0x000000008ee00000|  0%| F|  |TAMS 0x000000008ed00000, 0x000000008ed00000| Untracked 
|  70|0x000000008ee00000, 0x000000008ee00000, 0x000000008ef00000|  0%| F|  |TAMS 0x000000008ee00000, 0x000000008ee00000| Untracked 
|  71|0x000000008ef00000, 0x000000008ef00000, 0x000000008f000000|  0%| F|  |TAMS 0x000000008ef00000, 0x000000008ef00000| Untracked 
|  72|0x000000008f000000, 0x000000008f000000, 0x000000008f100000|  0%| F|  |TAMS 0x000000008f000000, 0x000000008f000000| Untracked 
|  73|0x000000008f100000, 0x000000008f100000, 0x000000008f200000|  0%| F|  |TAMS 0x000000008f100000, 0x000000008f100000| Untracked 
|  74|0x000000008f200000, 0x000000008f200000, 0x000000008f300000|  0%| F|  |TAMS 0x000000008f200000, 0x000000008f200000| Untracked 
|  75|0x000000008f300000, 0x000000008f300000, 0x000000008f400000|  0%| F|  |TAMS 0x000000008f300000, 0x000000008f300000| Untracked 
|  76|0x000000008f400000, 0x000000008f400000, 0x000000008f500000|  0%| F|  |TAMS 0x000000008f400000, 0x000000008f400000| Untracked 
|  77|0x000000008f500000, 0x000000008f500000, 0x000000008f600000|  0%| F|  |TAMS 0x000000008f500000, 0x000000008f500000| Untracked 
|  78|0x000000008f600000, 0x000000008f600000, 0x000000008f700000|  0%| F|  |TAMS 0x000000008f600000, 0x000000008f600000| Untracked 
|  79|0x000000008f700000, 0x000000008f700000, 0x000000008f800000|  0%| F|  |TAMS 0x000000008f700000, 0x000000008f700000| Untracked 
|  80|0x000000008f800000, 0x000000008f800000, 0x000000008f900000|  0%| F|  |TAMS 0x000000008f800000, 0x000000008f800000| Untracked 
|  81|0x000000008f900000, 0x000000008f900000, 0x000000008fa00000|  0%| F|  |TAMS 0x000000008f900000, 0x000000008f900000| Untracked 
|  82|0x000000008fa00000, 0x000000008fa00000, 0x000000008fb00000|  0%| F|  |TAMS 0x000000008fa00000, 0x000000008fa00000| Untracked 
|  83|0x000000008fb00000, 0x000000008fb00000, 0x000000008fc00000|  0%| F|  |TAMS 0x000000008fb00000, 0x000000008fb00000| Untracked 
|  84|0x000000008fc00000, 0x000000008fc00000, 0x000000008fd00000|  0%| F|  |TAMS 0x000000008fc00000, 0x000000008fc00000| Untracked 
|  85|0x000000008fd00000, 0x000000008fd00000, 0x000000008fe00000|  0%| F|  |TAMS 0x000000008fd00000, 0x000000008fd00000| Untracked 
|  86|0x000000008fe00000, 0x000000008fe00000, 0x000000008ff00000|  0%| F|  |TAMS 0x000000008fe00000, 0x000000008fe00000| Untracked 
|  87|0x000000008ff00000, 0x000000008ff00000, 0x0000000090000000|  0%| F|  |TAMS 0x000000008ff00000, 0x000000008ff00000| Untracked 
|  88|0x0000000090000000, 0x0000000090000000, 0x0000000090100000|  0%| F|  |TAMS 0x0000000090000000, 0x0000000090000000| Untracked 
|  89|0x0000000090100000, 0x0000000090100000, 0x0000000090200000|  0%| F|  |TAMS 0x0000000090100000, 0x0000000090100000| Untracked 
|  90|0x0000000090200000, 0x0000000090200000, 0x0000000090300000|  0%| F|  |TAMS 0x0000000090200000, 0x0000000090200000| Untracked 
|  91|0x0000000090300000, 0x0000000090300000, 0x0000000090400000|  0%| F|  |TAMS 0x0000000090300000, 0x0000000090300000| Untracked 
|  92|0x0000000090400000, 0x0000000090400000, 0x0000000090500000|  0%| F|  |TAMS 0x0000000090400000, 0x0000000090400000| Untracked 
|  93|0x0000000090500000, 0x0000000090500000, 0x0000000090600000|  0%| F|  |TAMS 0x0000000090500000, 0x0000000090500000| Untracked 
|  94|0x0000000090600000, 0x0000000090600000, 0x0000000090700000|  0%| F|  |TAMS 0x0000000090600000, 0x0000000090600000| Untracked 
|  95|0x0000000090700000, 0x0000000090700000, 0x0000000090800000|  0%| F|  |TAMS 0x0000000090700000, 0x0000000090700000| Untracked 
|  96|0x0000000090800000, 0x0000000090800000, 0x0000000090900000|  0%| F|  |TAMS 0x0000000090800000, 0x0000000090800000| Untracked 
|  97|0x0000000090900000, 0x0000000090900000, 0x0000000090a00000|  0%| F|  |TAMS 0x0000000090900000, 0x0000000090900000| Untracked 
|  98|0x0000000090a00000, 0x0000000090a00000, 0x0000000090b00000|  0%| F|  |TAMS 0x0000000090a00000, 0x0000000090a00000| Untracked 
|  99|0x0000000090b00000, 0x0000000090b00000, 0x0000000090c00000|  0%| F|  |TAMS 0x0000000090b00000, 0x0000000090b00000| Untracked 
| 100|0x0000000090c00000, 0x0000000090c00000, 0x0000000090d00000|  0%| F|  |TAMS 0x0000000090c00000, 0x0000000090c00000| Untracked 
| 101|0x0000000090d00000, 0x0000000090d00000, 0x0000000090e00000|  0%| F|  |TAMS 0x0000000090d00000, 0x0000000090d00000| Untracked 
| 102|0x0000000090e00000, 0x0000000090e00000, 0x0000000090f00000|  0%| F|  |TAMS 0x0000000090e00000, 0x0000000090e00000| Untracked 
| 103|0x0000000090f00000, 0x0000000090f00000, 0x0000000091000000|  0%| F|  |TAMS 0x0000000090f00000, 0x0000000090f00000| Untracked 
| 104|0x0000000091000000, 0x0000000091000000, 0x0000000091100000|  0%| F|  |TAMS 0x0000000091000000, 0x0000000091000000| Untracked 
| 105|0x0000000091100000, 0x0000000091100000, 0x0000000091200000|  0%| F|  |TAMS 0x0000000091100000, 0x0000000091100000| Untracked 
| 106|0x0000000091200000, 0x0000000091200000, 0x0000000091300000|  0%| F|  |TAMS 0x0000000091200000, 0x0000000091200000| Untracked 
| 107|0x0000000091300000, 0x0000000091300000, 0x0000000091400000|  0%| F|  |TAMS 0x0000000091300000, 0x0000000091300000| Untracked 
| 108|0x0000000091400000, 0x0000000091400000, 0x0000000091500000|  0%| F|  |TAMS 0x0000000091400000, 0x0000000091400000| Untracked 
| 109|0x0000000091500000, 0x0000000091500000, 0x0000000091600000|  0%| F|  |TAMS 0x0000000091500000, 0x0000000091500000| Untracked 
| 110|0x0000000091600000, 0x0000000091600000, 0x0000000091700000|  0%| F|  |TAMS 0x0000000091600000, 0x0000000091600000| Untracked 
| 111|0x0000000091700000, 0x0000000091700000, 0x0000000091800000|  0%| F|  |TAMS 0x0000000091700000, 0x0000000091700000| Untracked 
| 112|0x0000000091800000, 0x0000000091800000, 0x0000000091900000|  0%| F|  |TAMS 0x0000000091800000, 0x0000000091800000| Untracked 
| 113|0x0000000091900000, 0x0000000091900000, 0x0000000091a00000|  0%| F|  |TAMS 0x0000000091900000, 0x0000000091900000| Untracked 
| 114|0x0000000091a00000, 0x0000000091b00000, 0x0000000091b00000|100%| E|  |TAMS 0x0000000091a00000, 0x0000000091a00000| Complete 
| 115|0x0000000091b00000, 0x0000000091c00000, 0x0000000091c00000|100%| E|  |TAMS 0x0000000091b00000, 0x0000000091b00000| Complete 
| 116|0x0000000091c00000, 0x0000000091d00000, 0x0000000091d00000|100%| E|CS|TAMS 0x0000000091c00000, 0x0000000091c00000| Complete 
| 117|0x0000000091d00000, 0x0000000091e00000, 0x0000000091e00000|100%| E|CS|TAMS 0x0000000091d00000, 0x0000000091d00000| Complete 

Card table byte_map: [0x00000197a95b0000,0x00000197a9960000] _byte_map_base: 0x00000197a915c000

Marking Bits (Prev, Next): (CMBitMap*) 0x00000197902c5040, (CMBitMap*) 0x00000197902c5080
 Prev Bits: [0x00000197a9d10000, 0x00000197aba70000)
 Next Bits: [0x00000197aba70000, 0x00000197ad7d0000)

Polling page: 0x0000019790320000

Metaspace:

Usage:
  Non-class:    384.83 KB used.
      Class:     19.11 KB used.
       Both:    403.94 KB used.

Virtual space:
  Non-class space:       64.00 MB reserved,     448.00 KB ( <1%) committed,  1 nodes.
      Class space:        1.00 GB reserved,     128.00 KB ( <1%) committed,  1 nodes.
             Both:        1.06 GB reserved,     576.00 KB ( <1%) committed. 

Chunk freelists:
   Non-Class:  12.00 MB
       Class:  15.75 MB
        Both:  27.75 MB

MaxMetaspaceSize: unlimited
CompressedClassSpaceSize: 1.00 GB
Initial GC threshold: 21.00 MB
Current GC threshold: 21.00 MB
CDS: on
MetaspaceReclaimPolicy: balanced
 - commit_granule_bytes: 65536.
 - commit_granule_words: 8192.
 - virtual_space_node_default_size: 8388608.
 - enlarge_chunks_in_place: 1.
 - new_chunks_are_fully_committed: 0.
 - uncommit_free_chunks: 1.
 - use_allocation_guard: 0.
 - handle_deallocations: 1.


Internal statistics:

num_allocs_failed_limit: 0.
num_arena_births: 4.
num_arena_deaths: 0.
num_vsnodes_births: 2.
num_vsnodes_deaths: 0.
num_space_committed: 9.
num_space_uncommitted: 0.
num_chunks_returned_to_freelist: 0.
num_chunks_taken_from_freelist: 5.
num_chunk_merges: 0.
num_chunk_splits: 3.
num_chunks_enlarged: 1.
num_inconsistent_stats: 0.

CodeHeap 'non-profiled nmethods': size=120000Kb used=78Kb max_used=78Kb free=119922Kb
 bounds [0x00000197a1050000, 0x00000197a12c0000, 0x00000197a8580000]
CodeHeap 'profiled nmethods': size=120000Kb used=250Kb max_used=250Kb free=119749Kb
 bounds [0x0000019799580000, 0x00000197997f0000, 0x00000197a0ab0000]
CodeHeap 'non-nmethods': size=5760Kb used=1096Kb max_used=1116Kb free=4664Kb
 bounds [0x00000197a0ab0000, 0x00000197a0d20000, 0x00000197a1050000]
 total_blobs=591 nmethods=222 adapters=282
 compilation: enabled
              stopped_count=0, restarted_count=0
 full_count=0

Compilation events (20 events):
Event: 0.156 Thread 0x00000197b04c3060 nmethod 211 0x00000197a1061a90 code [0x00000197a1061c00, 0x00000197a1061cb8]
Event: 0.156 Thread 0x00000197b04c3060  214       4       java.util.zip.ZipUtils::CENSIG (8 bytes)
Event: 0.157 Thread 0x00000197b08421a0 nmethod 212 0x00000197a1061d90 code [0x00000197a1061f00, 0x00000197a1061fb8]
Event: 0.157 Thread 0x00000197b074d230 nmethod 213 0x00000197a1062090 code [0x00000197a1062200, 0x00000197a10622b8]
Event: 0.157 Thread 0x00000197b08421a0  209       4       java.lang.String::isLatin1 (19 bytes)
Event: 0.157 Thread 0x00000197b074d230  199       4       java.lang.StringLatin1::canEncode (13 bytes)
Event: 0.158 Thread 0x00000197b08421a0 nmethod 209 0x00000197a1062390 code [0x00000197a1062500, 0x00000197a1062598]
Event: 0.158 Thread 0x00000197b074d230 nmethod 199 0x00000197a1062690 code [0x00000197a1062800, 0x00000197a1062878]
Event: 0.158 Thread 0x00000197b08421a0  217       4       java.util.HashMap::putVal (300 bytes)
Event: 0.158 Thread 0x00000197b074d230  215       4       java.lang.StringLatin1::equals (36 bytes)
Event: 0.158 Thread 0x00000197b04c3b10  218       3       java.lang.StringUTF16::compress (50 bytes)
Event: 0.158 Thread 0x00000197b04c3060 nmethod 214 0x00000197a1062990 code [0x00000197a1062b00, 0x00000197a1062bf8]
Event: 0.158 Thread 0x00000197b04c3b10 nmethod 218 0x00000197995b9e10 code [0x00000197995b9fc0, 0x00000197995ba218]
Event: 0.158 Thread 0x00000197b04c3060  216       4       java.lang.String::equals (56 bytes)
Event: 0.158 Thread 0x00000197b04c3b10  219       3       java.lang.String::checkBoundsOffCount (64 bytes)
Event: 0.159 Thread 0x00000197b04c3b10 nmethod 219 0x00000197995ba390 code [0x00000197995ba620, 0x00000197995baf18]
Event: 0.159 Thread 0x00000197b04c3b10  220       3       java.lang.String::startsWith (138 bytes)
Event: 0.159 Thread 0x00000197b04c3b10 nmethod 220 0x00000197995bb290 code [0x00000197995bb4a0, 0x00000197995bbd38]
Event: 0.159 Thread 0x00000197b04c3b10  221   !   3       java.io.BufferedReader::readLine (327 bytes)
Event: 0.159 Thread 0x00000197b04c3060 nmethod 216 0x00000197a1062d10 code [0x00000197a1062e80, 0x00000197a1063058]

GC Heap History (0 events):
No events

Dll operation events (7 events):
Event: 0.018 Loaded shared library C:\Users\wulvj\.jdks\corretto-17.0.11\bin\java.dll
Event: 0.042 Loaded shared library C:\Users\wulvj\.jdks\corretto-17.0.11\bin\jsvml.dll
Event: 0.115 Loaded shared library C:\Users\wulvj\.jdks\corretto-17.0.11\bin\zip.dll
Event: 0.119 Loaded shared library C:\Users\wulvj\.jdks\corretto-17.0.11\bin\instrument.dll
Event: 0.126 Loaded shared library C:\Users\wulvj\.jdks\corretto-17.0.11\bin\net.dll
Event: 0.128 Loaded shared library C:\Users\wulvj\.jdks\corretto-17.0.11\bin\nio.dll
Event: 0.130 Loaded shared library C:\Users\wulvj\.jdks\corretto-17.0.11\bin\zip.dll

Deoptimization events (20 events):
Event: 0.143 Thread 0x000001979026da00 Uncommon trap: trap_request=0xffffffde fr.pc=0x00000197a105c570 relative=0x0000000000000810
Event: 0.143 Thread 0x000001979026da00 Uncommon trap: reason=class_check action=maybe_recompile pc=0x00000197a105c570 method=java.util.HashMap.putVal(ILjava/lang/Object;Ljava/lang/Object;ZZ)Ljava/lang/Object; @ 152 c2
Event: 0.143 Thread 0x000001979026da00 DEOPT PACKING pc=0x00000197a105c570 sp=0x0000003d795fdcf0
Event: 0.143 Thread 0x000001979026da00 DEOPT UNPACKING pc=0x00000197a0b069a3 sp=0x0000003d795fdc70 mode 2
Event: 0.143 Thread 0x000001979026da00 Uncommon trap: trap_request=0xffffffde fr.pc=0x00000197a105c570 relative=0x0000000000000810
Event: 0.143 Thread 0x000001979026da00 Uncommon trap: reason=class_check action=maybe_recompile pc=0x00000197a105c570 method=java.util.HashMap.putVal(ILjava/lang/Object;Ljava/lang/Object;ZZ)Ljava/lang/Object; @ 152 c2
Event: 0.143 Thread 0x000001979026da00 DEOPT PACKING pc=0x00000197a105c570 sp=0x0000003d795fdcf0
Event: 0.143 Thread 0x000001979026da00 DEOPT UNPACKING pc=0x00000197a0b069a3 sp=0x0000003d795fdc70 mode 2
Event: 0.143 Thread 0x000001979026da00 Uncommon trap: trap_request=0xffffffde fr.pc=0x00000197a105c570 relative=0x0000000000000810
Event: 0.143 Thread 0x000001979026da00 Uncommon trap: reason=class_check action=maybe_recompile pc=0x00000197a105c570 method=java.util.HashMap.putVal(ILjava/lang/Object;Ljava/lang/Object;ZZ)Ljava/lang/Object; @ 152 c2
Event: 0.143 Thread 0x000001979026da00 DEOPT PACKING pc=0x00000197a105c570 sp=0x0000003d795fdcf0
Event: 0.143 Thread 0x000001979026da00 DEOPT UNPACKING pc=0x00000197a0b069a3 sp=0x0000003d795fdc70 mode 2
Event: 0.149 Thread 0x000001979026da00 Uncommon trap: trap_request=0xffffffde fr.pc=0x00000197a105c570 relative=0x0000000000000810
Event: 0.149 Thread 0x000001979026da00 Uncommon trap: reason=class_check action=maybe_recompile pc=0x00000197a105c570 method=java.util.HashMap.putVal(ILjava/lang/Object;Ljava/lang/Object;ZZ)Ljava/lang/Object; @ 152 c2
Event: 0.149 Thread 0x000001979026da00 DEOPT PACKING pc=0x00000197a105c570 sp=0x0000003d795fdcf0
Event: 0.149 Thread 0x000001979026da00 DEOPT UNPACKING pc=0x00000197a0b069a3 sp=0x0000003d795fdc70 mode 2
Event: 0.153 Thread 0x000001979026da00 Uncommon trap: trap_request=0xffffff45 fr.pc=0x00000197a1060914 relative=0x00000000000005d4
Event: 0.153 Thread 0x000001979026da00 Uncommon trap: reason=unstable_if action=reinterpret pc=0x00000197a1060914 method=java.util.zip.ZipFile$Source.checkAndAddEntry(II)I @ 50 c2
Event: 0.153 Thread 0x000001979026da00 DEOPT PACKING pc=0x00000197a1060914 sp=0x0000003d795fdd90
Event: 0.153 Thread 0x000001979026da00 DEOPT UNPACKING pc=0x00000197a0b069a3 sp=0x0000003d795fdd00 mode 2

Classes unloaded (0 events):
No events

Classes redefined (0 events):
No events

Internal exceptions (0 events):
No events

VM Operations (2 events):
Event: 0.104 Executing VM operation: HandshakeAllThreads
Event: 0.105 Executing VM operation: HandshakeAllThreads done

Events (20 events):
Event: 0.119 loading class sun/instrument/TransformerManager
Event: 0.119 loading class sun/instrument/TransformerManager done
Event: 0.120 loading class sun/instrument/TransformerManager$TransformerInfo
Event: 0.120 loading class sun/instrument/TransformerManager$TransformerInfo done
Event: 0.120 loading class jdk/internal/loader/URLClassPath$FileLoader
Event: 0.121 loading class jdk/internal/loader/URLClassPath$FileLoader done
Event: 0.154 Thread 0x00000197b08421a0 Thread added: 0x00000197b08421a0
Event: 0.154 Thread 0x00000197b074d230 Thread added: 0x00000197b074d230
Event: 0.154 loading class java/io/BufferedReader
Event: 0.154 loading class java/io/Reader
Event: 0.155 loading class java/io/Reader done
Event: 0.155 loading class java/io/BufferedReader done
Event: 0.155 loading class java/io/InputStreamReader
Event: 0.155 loading class java/io/InputStreamReader done
Event: 0.155 loading class sun/nio/cs/StreamDecoder
Event: 0.155 loading class sun/nio/cs/StreamDecoder done
Event: 0.155 loading class sun/nio/cs/UTF_8$Decoder
Event: 0.156 loading class sun/nio/cs/UTF_8$Decoder done
Event: 0.156 loading class java/util/Vector
Event: 0.156 loading class java/util/Vector done


Dynamic libraries:
0x00007ff7163e0000 - 0x00007ff7163ee000 	C:\Users\wulvj\.jdks\corretto-17.0.11\bin\java.exe
0x00007ffd2b670000 - 0x00007ffd2b887000 	C:\WINDOWS\SYSTEM32\ntdll.dll
0x00007ffd2aa60000 - 0x00007ffd2ab24000 	C:\WINDOWS\System32\KERNEL32.DLL
0x00007ffd28e40000 - 0x00007ffd291ed000 	C:\WINDOWS\System32\KERNELBASE.dll
0x00007ffd291f0000 - 0x00007ffd29301000 	C:\WINDOWS\System32\ucrtbase.dll
0x00007ffce3cc0000 - 0x00007ffce3cdb000 	C:\Users\wulvj\.jdks\corretto-17.0.11\bin\VCRUNTIME140.dll
0x00007ffd22e10000 - 0x00007ffd22e27000 	C:\Users\wulvj\.jdks\corretto-17.0.11\bin\jli.dll
0x00007ffd29e80000 - 0x00007ffd2a02e000 	C:\WINDOWS\System32\USER32.dll
0x00007ffd28a90000 - 0x00007ffd28ab6000 	C:\WINDOWS\System32\win32u.dll
0x00007ffd0b630000 - 0x00007ffd0b8c3000 	C:\WINDOWS\WinSxS\amd64_microsoft.windows.common-controls_6595b64144ccf1df_6.0.22621.3672_none_2713b9d173822955\COMCTL32.dll
0x00007ffd2b330000 - 0x00007ffd2b359000 	C:\WINDOWS\System32\GDI32.dll
0x00007ffd2a900000 - 0x00007ffd2a9a7000 	C:\WINDOWS\System32\msvcrt.dll
0x00007ffd28970000 - 0x00007ffd28a89000 	C:\WINDOWS\System32\gdi32full.dll
0x00007ffd28b40000 - 0x00007ffd28bda000 	C:\WINDOWS\System32\msvcp_win.dll
0x00007ffd2b270000 - 0x00007ffd2b2a1000 	C:\WINDOWS\System32\IMM32.DLL
0x00007ffd22e00000 - 0x00007ffd22e0c000 	C:\Users\wulvj\.jdks\corretto-17.0.11\bin\vcruntime140_1.dll
0x00007ffcc35f0000 - 0x00007ffcc367d000 	C:\Users\wulvj\.jdks\corretto-17.0.11\bin\msvcp140.dll
0x00007ffc7e260000 - 0x00007ffc7eec2000 	C:\Users\wulvj\.jdks\corretto-17.0.11\bin\server\jvm.dll
0x00007ffd2a0b0000 - 0x00007ffd2a162000 	C:\WINDOWS\System32\ADVAPI32.dll
0x00007ffd2b3c0000 - 0x00007ffd2b469000 	C:\WINDOWS\System32\sechost.dll
0x00007ffd28d50000 - 0x00007ffd28d78000 	C:\WINDOWS\System32\bcrypt.dll
0x00007ffd29380000 - 0x00007ffd29494000 	C:\WINDOWS\System32\RPCRT4.dll
0x00007ffd25230000 - 0x00007ffd25264000 	C:\WINDOWS\SYSTEM32\WINMM.dll
0x00007ffd28680000 - 0x00007ffd286cd000 	C:\WINDOWS\SYSTEM32\POWRPROF.dll
0x00007ffd1cf80000 - 0x00007ffd1cf8a000 	C:\WINDOWS\SYSTEM32\VERSION.dll
0x00007ffd071a0000 - 0x00007ffd071a9000 	C:\WINDOWS\SYSTEM32\WSOCK32.dll
0x00007ffd2b190000 - 0x00007ffd2b201000 	C:\WINDOWS\System32\WS2_32.dll
0x00007ffd28660000 - 0x00007ffd28673000 	C:\WINDOWS\SYSTEM32\UMPDC.dll
0x00007ffd27980000 - 0x00007ffd27998000 	C:\WINDOWS\SYSTEM32\kernel.appcore.dll
0x00007ffd212f0000 - 0x00007ffd212fa000 	C:\Users\wulvj\.jdks\corretto-17.0.11\bin\jimage.dll
0x00007ffd25d30000 - 0x00007ffd25f62000 	C:\WINDOWS\SYSTEM32\DBGHELP.DLL
0x00007ffd2ae00000 - 0x00007ffd2b188000 	C:\WINDOWS\System32\combase.dll
0x00007ffd2ad20000 - 0x00007ffd2adf7000 	C:\WINDOWS\System32\OLEAUT32.dll
0x00007ffd1e990000 - 0x00007ffd1e9c2000 	C:\WINDOWS\SYSTEM32\dbgcore.DLL
0x00007ffd28ac0000 - 0x00007ffd28b3b000 	C:\WINDOWS\System32\bcryptPrimitives.dll
0x00007ffd246b0000 - 0x00007ffd246be000 	C:\Users\wulvj\.jdks\corretto-17.0.11\bin\instrument.dll
0x00007ffcc35c0000 - 0x00007ffcc35e5000 	C:\Users\wulvj\.jdks\corretto-17.0.11\bin\java.dll
0x00007ffc98800000 - 0x00007ffc988d7000 	C:\Users\wulvj\.jdks\corretto-17.0.11\bin\jsvml.dll
0x00007ffd29600000 - 0x00007ffd29e5f000 	C:\WINDOWS\System32\SHELL32.dll
0x00007ffd26870000 - 0x00007ffd2716c000 	C:\WINDOWS\SYSTEM32\windows.storage.dll
0x00007ffd26730000 - 0x00007ffd2686f000 	C:\WINDOWS\SYSTEM32\wintypes.dll
0x00007ffd2b470000 - 0x00007ffd2b564000 	C:\WINDOWS\System32\SHCORE.dll
0x00007ffd2b210000 - 0x00007ffd2b26e000 	C:\WINDOWS\System32\shlwapi.dll
0x00007ffd288a0000 - 0x00007ffd288c1000 	C:\WINDOWS\SYSTEM32\profapi.dll
0x00007ffcb4780000 - 0x00007ffcb4798000 	C:\Users\wulvj\.jdks\corretto-17.0.11\bin\zip.dll
0x00007ffce3ca0000 - 0x00007ffce3cb9000 	C:\Users\wulvj\.jdks\corretto-17.0.11\bin\net.dll
0x00007ffd23390000 - 0x00007ffd234c6000 	C:\WINDOWS\SYSTEM32\WINHTTP.dll
0x00007ffd27e10000 - 0x00007ffd27e79000 	C:\WINDOWS\system32\mswsock.dll
0x00007ffcc35a0000 - 0x00007ffcc35b6000 	C:\Users\wulvj\.jdks\corretto-17.0.11\bin\nio.dll

dbghelp: loaded successfully - version: 4.0.5 - missing functions: none
symbol engine: initialized successfully - sym options: 0x614 - pdb path: .;C:\Users\wulvj\.jdks\corretto-17.0.11\bin;C:\WINDOWS\SYSTEM32;C:\WINDOWS\WinSxS\amd64_microsoft.windows.common-controls_6595b64144ccf1df_6.0.22621.3672_none_2713b9d173822955;C:\Users\wulvj\.jdks\corretto-17.0.11\bin\server

VM Arguments:
jvm_args: -javaagent:D:\IntelliJ IDEA 2022.1.2\lib\idea_rt.jar=22789:D:\IntelliJ IDEA 2022.1.2\bin -Dfile.encoding=UTF-8 
java_command: com.example.sutmetiz.HelloApplication
java_class_path (initial): C:\Users\wulvj\IdeaProjects\SutMetiz\target\classes;C:\Users\wulvj\.m2\repository\org\openjfx\javafx-controls\17.0.1\javafx-controls-17.0.1.jar;C:\Users\wulvj\.m2\repository\org\openjfx\javafx-controls\17.0.1\javafx-controls-17.0.1-win.jar;C:\Users\wulvj\.m2\repository\org\openjfx\javafx-graphics\17.0.1\javafx-graphics-17.0.1.jar;C:\Users\wulvj\.m2\repository\org\openjfx\javafx-graphics\17.0.1\javafx-graphics-17.0.1-win.jar;C:\Users\wulvj\.m2\repository\org\openjfx\javafx-base\17.0.1\javafx-base-17.0.1.jar;C:\Users\wulvj\.m2\repository\org\openjfx\javafx-base\17.0.1\javafx-base-17.0.1-win.jar;C:\Users\wulvj\.m2\repository\org\openjfx\javafx-fxml\17.0.1\javafx-fxml-17.0.1.jar;C:\Users\wulvj\.m2\repository\org\openjfx\javafx-fxml\17.0.1\javafx-fxml-17.0.1-win.jar;C:\Users\wulvj\.m2\repository\org\apache\poi\poi\5.2.0\poi-5.2.0.jar;C:\Users\wulvj\.m2\repository\commons-codec\commons-codec\1.15\commons-codec-1.15.jar;C:\Users\wulvj\.m2\repository\org\apache\commons\commons-collections4\4.4\commons-collections4-4.4.jar;C:\Users\wulvj\.m2\repository\org\apache\commons\commons-math3\3.6.1\commons-math3-3.6.1.jar;C:\Users\wulvj\.m2\repository\commons-io\commons-io\2.11.0\commons-io-2.11.0.jar;C:\Users\wulvj\.m2\repository\com\zaxxer\SparseBitSet\1.2\SparseBitSet-1.2.jar;C:\Users\wulvj\.m2\repository\org\apache\poi\poi-ooxml\5.2.0\poi-ooxml-5.2.0.jar;C:\Users\wulvj\.m2\repository\org\apache\poi\poi-ooxml-lite\5.2.0\poi-ooxml-lite-5.2.0.jar;C:\Users\wulvj\.m2\repository\org\apache\xmlbeans\xmlbeans\5.0.3\xmlbeans-5.0.3.jar;C:\Users\wulvj\.m2\repository\org\apache\commons\commons-compress\1.21\commons-compress-1.21.jar;C:\Users\wulvj\.m2\repository\com\github\virtuald\curvesapi\1.06\curvesapi-1.06.jar;C:\Users\wulvj\.m2\repository\org\apache\logging\log4j\log4j-api\2.20.0\log4j-api-2.20.0.jar;C:\Users\wulvj\.m2\repository\org\mockito\mockito-core\5.12.0\mockito-core-5.12.0.jar;C:\Users\wulvj\.m2\repository\net\bytebuddy\byte-buddy\1.14.15\byte-budd
Launcher Type: SUN_STANDARD

[Global flags]
     intx CICompilerCount                          = 4                                         {product} {ergonomic}
     uint ConcGCThreads                            = 3                                         {product} {ergonomic}
     uint G1ConcRefinementThreads                  = 10                                        {product} {ergonomic}
   size_t G1HeapRegionSize                         = 1048576                                   {product} {ergonomic}
    uintx GCDrainStackTargetSize                   = 64                                        {product} {ergonomic}
   size_t InitialHeapSize                          = 123731968                                 {product} {ergonomic}
   size_t MarkStackSize                            = 4194304                                   {product} {ergonomic}
   size_t MaxHeapSize                              = 1971322880                                {product} {ergonomic}
   size_t MaxNewSize                               = 1182793728                                {product} {ergonomic}
   size_t MinHeapDeltaBytes                        = 1048576                                   {product} {ergonomic}
   size_t MinHeapSize                              = 8388608                                   {product} {ergonomic}
    uintx NonNMethodCodeHeapSize                   = 5839372                                {pd product} {ergonomic}
    uintx NonProfiledCodeHeapSize                  = 122909434                              {pd product} {ergonomic}
    uintx ProfiledCodeHeapSize                     = 122909434                              {pd product} {ergonomic}
    uintx ReservedCodeCacheSize                    = 251658240                              {pd product} {ergonomic}
     bool SegmentedCodeCache                       = true                                      {product} {ergonomic}
   size_t SoftMaxHeapSize                          = 1971322880                             {manageable} {ergonomic}
     bool UseCompressedClassPointers               = true                           {product lp64_product} {ergonomic}
     bool UseCompressedOops                        = true                           {product lp64_product} {ergonomic}
     bool UseG1GC                                  = true                                      {product} {ergonomic}
     bool UseLargePagesIndividualAllocation        = false                                  {pd product} {ergonomic}

Logging:
Log output configuration:
 #0: stdout all=warning uptime,level,tags
 #1: stderr all=off uptime,level,tags

Environment Variables:
PATH=C:\Program Files\Common Files\Oracle\Java\javapath;C:\Program Files (x86)\Common Files\Oracle\Java\java8path;C:\Program Files (x86)\Common Files\Oracle\Java\javapath;C:\Program Files\Eclipse Adoptium\jdk-17.0.8.101-hotspot\bin;C:\WINDOWS\system32;C:\WINDOWS;C:\WINDOWS\System32\Wbem;C:\WINDOWS\System32\WindowsPowerShell\v1.0\;C:\WINDOWS\System32\OpenSSH\;C:\Program Files (x86)\dotnet\;C:\Program Files\Git\cmd;C:\Program Files\Docker\Docker\resources\bin;C:\Users\wulvj\AppData\Local\Microsoft\WindowsApps;C:\Users\wulvj\AppData\Local\Programs\Microsoft VS Code\bin;C:\Program Files\JetBrains\IntelliJ IDEA 2023.2.2\bin;;C:\ProgramData\wulvj\GitHubDesktop\bin;C:\Users\wulvj\AppData\Local\GitHubDesktop\bin;
USERNAME=wulvj
OS=Windows_NT
PROCESSOR_IDENTIFIER=AMD64 Family 23 Model 104 Stepping 1, AuthenticAMD
TMP=C:\Users\wulvj\AppData\Local\Temp
TEMP=C:\Users\wulvj\AppData\Local\Temp



Periodic native trim disabled


---------------  S Y S T E M  ---------------

OS:
 Windows 11 , 64 bit Build 22621 (10.0.22621.3672)
OS uptime: 2 days 3:34 hours
Hyper-V role detected

CPU: total 12 (initial active 12) (12 cores per cpu, 2 threads per core) family 23 model 104 stepping 1 microcode 0x0, cx8, cmov, fxsr, ht, mmx, 3dnowpref, sse, sse2, sse3, ssse3, sse4a, sse4.1, sse4.2, popcnt, lzcnt, tsc, tscinvbit, avx, avx2, aes, clmul, bmi1, bmi2, adx, sha, fma, vzeroupper, clflush, clflushopt, hv
Processor Information for processor 0
  Max Mhz: 2100, Current Mhz: 1988, Mhz Limit: 2100
Processor Information for processor 1
  Max Mhz: 2100, Current Mhz: 2100, Mhz Limit: 2100
Processor Information for processor 2
  Max Mhz: 2100, Current Mhz: 2100, Mhz Limit: 2100
Processor Information for processor 3
  Max Mhz: 2100, Current Mhz: 1988, Mhz Limit: 2100
Processor Information for processor 4
  Max Mhz: 2100, Current Mhz: 2100, Mhz Limit: 2100
Processor Information for processor 5
  Max Mhz: 2100, Current Mhz: 1988, Mhz Limit: 2100
Processor Information for processor 6
  Max Mhz: 2100, Current Mhz: 2100, Mhz Limit: 2100
Processor Information for processor 7
  Max Mhz: 2100, Current Mhz: 1988, Mhz Limit: 2100
Processor Information for processor 8
  Max Mhz: 2100, Current Mhz: 2100, Mhz Limit: 2100
Processor Information for processor 9
  Max Mhz: 2100, Current Mhz: 1988, Mhz Limit: 2100
Processor Information for processor 10
  Max Mhz: 2100, Current Mhz: 2100, Mhz Limit: 2100
Processor Information for processor 11
  Max Mhz: 2100, Current Mhz: 2100, Mhz Limit: 2100

Memory: 4k page, system-wide physical 7514M (665M free)
TotalPageFile size 22874M (AvailPageFile size 4M)
current process WorkingSet (physical memory assigned to process): 39M, peak: 39M
current process commit charge ("private bytes"): 205M, peak: 205M

vm_info: OpenJDK 64-Bit Server VM (17.0.11+9-LTS) for windows-amd64 JRE (17.0.11+9-LTS), built on Apr 10 2024 22:12:24 by "Administrator" with MS VC++ 16.10 / 16.11 (VS2019)

END.
